<?xml version="1.0" encoding="UTF-8"?>
<!-- Generated by org.testng.reporters.JUnitReportReporter -->
<testsuite name="com.easeMyTripFlightBookings.FlightBookings" tests="2" time="51.117" ignored="0" failures="0" timestamp="18 May 2023 10:07:57 GMT" skipped="0" hostname="DESKTOP-VA9V275" errors="0">
  <testcase name="bookings" time="26.352" classname="com.easeMyTripFlightBookings.FlightBookings"/>
  <testcase name="bookings" time="24.765" classname="com.easeMyTripFlightBookings.FlightBookings"/>
</testsuite> <!-- com.easeMyTripFlightBookings.FlightBookings -->
